sdk/build/intermediates/manifest_merge_blame_file/release/manifest-merger-blame-release-report.txt
1<?xml version="1.0" encoding="utf-8"?>
2<manifest xmlns:android="http://schemas.android.com/apk/res/android"
3    xmlns:tools="http://schemas.android.com/tools"
4    package="com.alterna.sdk" >
5
6    <uses-sdk android:minSdkVersion="24" />
7
8    <uses-permission android:name="android.permission.INTERNET" />
8-->src/main/AndroidManifest.xml:5:5-67
8-->src/main/AndroidManifest.xml:5:22-64
9    <uses-permission android:name="android.permission.ACCESS_NETWORK_STATE" />
9-->src/main/AndroidManifest.xml:6:5-79
9-->src/main/AndroidManifest.xml:6:22-76
10
11    <application
11-->src/main/AndroidManifest.xml:8:5-33:19
12        android:allowBackup="true"
12-->src/main/AndroidManifest.xml:9:9-35
13        android:supportsRtl="true"
13-->src/main/AndroidManifest.xml:10:9-35
14        tools:targetApi="31" >
14-->src/main/AndroidManifest.xml:11:9-29
15        <activity
15-->src/main/AndroidManifest.xml:13:9-16:55
16            android:name="com.alterna.sdk.ui.OnboardingActivity"
16-->src/main/AndroidManifest.xml:14:13-50
17            android:exported="false"
17-->src/main/AndroidManifest.xml:15:13-37
18            android:theme="@style/Theme.AlternaSDK" />
18-->src/main/AndroidManifest.xml:16:13-52
19        <activity
19-->src/main/AndroidManifest.xml:18:9-21:55
20            android:name="com.alterna.sdk.ui.UserDetailsActivity"
20-->src/main/AndroidManifest.xml:19:13-51
21            android:exported="false"
21-->src/main/AndroidManifest.xml:20:13-37
22            android:theme="@style/Theme.AlternaSDK" />
22-->src/main/AndroidManifest.xml:21:13-52
23        <activity
23-->src/main/AndroidManifest.xml:23:9-26:55
24            android:name="com.alterna.sdk.ui.WithdrawalActivity"
24-->src/main/AndroidManifest.xml:24:13-50
25            android:exported="false"
25-->src/main/AndroidManifest.xml:25:13-37
26            android:theme="@style/Theme.AlternaSDK" />
26-->src/main/AndroidManifest.xml:26:13-52
27        <activity
27-->src/main/AndroidManifest.xml:28:9-31:55
28            android:name="com.alterna.sdk.ui.SuccessActivity"
28-->src/main/AndroidManifest.xml:29:13-47
29            android:exported="false"
29-->src/main/AndroidManifest.xml:30:13-37
30            android:theme="@style/Theme.AlternaSDK" />
30-->src/main/AndroidManifest.xml:31:13-52
31    </application>
32
33</manifest>